<?xml version="1.0" encoding="UTF-8"?>
<!-- Generated by org.testng.reporters.JUnitReportReporter -->
<testsuite hostname="pc" failures="0" tests="1" name="BookmarksTest" time="28.161" errors="0" timestamp="7 Apr 2018 22:20:15 GMT">
  <testcase classname="BookmarksTest" name="bookmarksTest" time="28.161"/>
</testsuite> <!-- BookmarksTest -->
