<?xml version="1.0" encoding="UTF-8"?>
<!-- Generated by org.testng.reporters.JUnitReportReporter -->
<testsuite hostname="pc" failures="0" tests="1" name="LogInLogOutTest" time="16.694" errors="0" timestamp="7 Apr 2018 22:20:15 GMT">
  <testcase classname="LogInLogOutTest" name="logInLogOutTest" time="16.694"/>
</testsuite> <!-- LogInLogOutTest -->
